<?xml version="1.0" encoding="UTF-8"?>
<!-- Generated by org.testng.reporters.JUnitReportReporter -->
<testsuite hostname="LAPTOP-2PRRT73O" failures="0" tests="1" name="computers.TC_DWS_001_Test" time="3.093" errors="0" timestamp="2025-08-04T11:24:50 IST" skipped="0">
  <testcase classname="computers.TC_DWS_001_Test" name="clickOnComputers" time="3.093"/>
</testsuite> <!-- computers.TC_DWS_001_Test -->
