<?xml version="1.0" encoding="UTF-8"?>
<!-- Generated by org.testng.reporters.JUnitReportReporter -->
<testsuite hostname="LAPTOP-2PRRT73O" failures="0" tests="1" name="extentreports.LearnExtentReports" time="0.475" errors="0" timestamp="2025-07-29T13:26:44 IST" skipped="0">
  <testcase classname="extentreports.LearnExtentReports" name="createReporta" time="0.475"/>
</testsuite> <!-- extentreports.LearnExtentReports -->
