<?xml version="1.0" encoding="UTF-8"?>
<!-- Generated by org.testng.reporters.JUnitReportReporter -->
<testsuite hostname="LAPTOP-2PRRT73O" failures="0" tests="1" name="extentreports.AddScreenshotIntoReport" time="5.061" errors="0" timestamp="2025-07-29T13:51:58 IST" skipped="0">
  <testcase classname="extentreports.AddScreenshotIntoReport" name="addScreenshot" time="5.061"/>
</testsuite> <!-- extentreports.AddScreenshotIntoReport -->
