<?xml version="1.0" encoding="UTF-8"?>
<!-- Generated by org.testng.reporters.JUnitReportReporter -->
<testsuite hostname="LAPTOP-2PRRT73O" failures="0" tests="1" name="cars.LamborghiniTest" time="206.465" errors="0" timestamp="2025-07-29T00:45:16 IST" skipped="0">
  <testcase classname="cars.LamborghiniTest" name="launch" time="206.465">
    <system-out>
      <![CDATA[Lamborghini is launched]]>
    </system-out>
  </testcase> <!-- launch -->
  <system-out>
    <![CDATA[Lamborghini is launched]]>
  </system-out>
</testsuite> <!-- cars.LamborghiniTest -->
