<?xml version="1.0" encoding="UTF-8"?>
<!-- Generated by org.testng.reporters.JUnitReportReporter -->
<testsuite hostname="LAPTOP-2PRRT73O" failures="0" tests="1" name="bikes.Baja" time="5.315" errors="0" timestamp="2025-07-28T12:35:32 IST" skipped="0">
  <testcase classname="bikes.Baja" name="lanuch" time="5.315">
    <system-out>
      <![CDATA[Bajaj launched]]>
    </system-out>
  </testcase> <!-- lanuch -->
  <system-out>
    <![CDATA[Bajaj launched]]>
  </system-out>
</testsuite> <!-- bikes.Baja -->
