<?xml version="1.0" encoding="UTF-8"?>
<!-- Generated by org.testng.reporters.JUnitReportReporter -->
<testsuite hostname="LAPTOP-2PRRT73O" failures="0" tests="1" name="extentreports.AssignmentExtentReport" time="16.210" errors="0" timestamp="2025-07-30T00:08:13 IST" skipped="0">
  <testcase classname="extentreports.AssignmentExtentReport" name="loginPage" time="16.210"/>
</testsuite> <!-- extentreports.AssignmentExtentReport -->
