<?xml version="1.0" encoding="UTF-8"?>
<!-- Generated by org.testng.reporters.JUnitReportReporter -->
<testsuite hostname="LAPTOP-2PRRT73O" failures="0" tests="1" name="electronics.TC_DWS_001_Test" time="3.055" errors="0" timestamp="2025-08-04T11:27:07 IST" skipped="0">
  <testcase classname="electronics.TC_DWS_001_Test" name="clickOnElectronics" time="3.055"/>
</testsuite> <!-- electronics.TC_DWS_001_Test -->
