<?xml version="1.0" encoding="UTF-8"?>
<!-- Generated by org.testng.reporters.JUnitReportReporter -->
<testsuite hostname="LAPTOP-2PRRT73O" failures="0" tests="1" name="demo.Sample" time="0.015" errors="0" timestamp="2025-07-25T14:05:35 IST" skipped="0">
  <testcase classname="demo.Sample" name="Sample" time="0.015">
    <system-out>
      <![CDATA[sample is execute]]>
    </system-out>
  </testcase> <!-- Sample -->
  <system-out>
    <![CDATA[sample is execute]]>
  </system-out>
</testsuite> <!-- demo.Sample -->
