<?xml version="1.0" encoding="UTF-8"?>
<!-- Generated by org.testng.reporters.JUnitReportReporter -->
<testsuite hostname="LAPTOP-2PRRT73O" failures="0" tests="1" name="demo.Launch" time="7.910" errors="0" timestamp="2025-07-25T13:40:08 IST" skipped="0">
  <testcase classname="demo.Launch" name="launch" time="7.910"/>
</testsuite> <!-- demo.Launch -->
