<?xml version="1.0" encoding="UTF-8"?>
<!-- Generated by org.testng.reporters.JUnitReportReporter -->
<testsuite hostname="LAPTOP-2PRRT73O" failures="0" tests="1" name="demo.SampleTest" time="0.014" errors="0" timestamp="2025-07-25T14:05:21 IST" skipped="0">
  <testcase classname="demo.SampleTest" name="sampletest" time="0.014">
    <system-out>
      <![CDATA[SampleTest is execute]]>
    </system-out>
  </testcase> <!-- sampletest -->
  <system-out>
    <![CDATA[SampleTest is execute]]>
  </system-out>
</testsuite> <!-- demo.SampleTest -->
